{"/Users/harshit/Desktop/talks_backend/class_jest/controller/operation.controller.js": {"path":"/Users/harshit/Desktop/talks_backend/class_jest/controller/operation.controller.js","statementMap":{"0":{"start":{"line":1,"column":25},"end":{"line":1,"column":64}},"1":{"start":{"line":5,"column":21},"end":{"line":5,"column":47}},"2":{"start":{"line":6,"column":4},"end":{"line":8,"column":6}},"3":{"start":{"line":12,"column":21},"end":{"line":12,"column":46}},"4":{"start":{"line":13,"column":4},"end":{"line":15,"column":6}},"5":{"start":{"line":19,"column":0},"end":{"line":19,"column":43}}},"fnMap":{"0":{"name":"(anonymous_0)","decl":{"start":{"line":4,"column":2},"end":{"line":4,"column":3}},"loc":{"start":{"line":4,"column":12},"end":{"line":9,"column":3}},"line":4},"1":{"name":"(anonymous_1)","decl":{"start":{"line":11,"column":2},"end":{"line":11,"column":3}},"loc":{"start":{"line":11,"column":11},"end":{"line":16,"column":3}},"line":11}},"branchMap":{},"s":{"0":1,"1":1,"2":1,"3":1,"4":1,"5":1},"f":{"0":1,"1":1},"b":{},"_coverageSchema":"1a1c01bbd47fc00a2c39e90264f33305004495a9","hash":"d783a3478c8ae9aefc1576a583be109fdd51c5c1"}
,"/Users/harshit/Desktop/talks_backend/class_jest/service/operation.service.js": {"path":"/Users/harshit/Desktop/talks_backend/class_jest/service/operation.service.js","statementMap":{"0":{"start":{"line":3,"column":4},"end":{"line":5,"column":6}},"1":{"start":{"line":9,"column":4},"end":{"line":11,"column":6}},"2":{"start":{"line":15,"column":0},"end":{"line":15,"column":40}}},"fnMap":{"0":{"name":"(anonymous_0)","decl":{"start":{"line":2,"column":2},"end":{"line":2,"column":3}},"loc":{"start":{"line":2,"column":12},"end":{"line":6,"column":3}},"line":2},"1":{"name":"(anonymous_1)","decl":{"start":{"line":8,"column":2},"end":{"line":8,"column":3}},"loc":{"start":{"line":8,"column":11},"end":{"line":12,"column":3}},"line":8}},"branchMap":{},"s":{"0":0,"1":0,"2":1},"f":{"0":0,"1":0},"b":{},"_coverageSchema":"1a1c01bbd47fc00a2c39e90264f33305004495a9","hash":"9e8f9d19238b65d22b00ffef7144433fe24ed162"}
}
